This file contains any messages produced by compilers while
running configure, to aid debugging if configure makes a mistake.

It was created by libssh2 configure -, which was
generated by GNU Autoconf 2.69.  Invocation command line was

  $ ./configure --prefix=/usr/local

## --------- ##
## Platform. ##
## --------- ##

hostname = bsd
uname -m = amd64
uname -r = 8.4-RELEASE-p16
uname -s = FreeBSD
uname -v = FreeBSD 8.4-RELEASE-p16 #0 r272481: Fri Oct  3 20:19:48 UTC 2014     root@vps7221.local:/usr/obj/usr/src/sys/mine 

/usr/bin/uname -p = amd64
/bin/uname -X     = unknown

/bin/arch              = unknown
/usr/bin/arch -k       = unknown
/usr/convex/getsysinfo = unknown
/usr/bin/hostinfo      = unknown
/bin/machine           = unknown
/usr/bin/oslevel       = unknown
/bin/universe          = unknown

PATH: /sbin
PATH: /bin
PATH: /usr/sbin
PATH: /usr/bin
PATH: /usr/games
PATH: /usr/local/sbin
PATH: /usr/local/bin
PATH: /root/bin


## ----------- ##
## Core tests. ##
## ----------- ##

configure:2354: checking whether to enable maintainer-specific portions of Makefiles
configure:2363: result: no
configure:2379: checking for sed
configure:2398: found /usr/bin/sed
configure:2411: result: /usr/bin/sed
configure:2472: checking for a BSD-compatible install
configure:2540: result: /usr/bin/install -c
configure:2551: checking whether build environment is sane
configure:2606: result: yes
configure:2644: WARNING: 'missing' script is too old or missing
configure:2757: checking for a thread-safe mkdir -p
configure:2796: result: ./install-sh -c -d
configure:2803: checking for gawk
configure:2833: result: no
configure:2803: checking for mawk
configure:2833: result: no
configure:2803: checking for nawk
configure:2819: found /usr/bin/nawk
configure:2830: result: nawk
configure:2841: checking whether make sets $(MAKE)
configure:2863: result: yes
configure:2892: checking whether make supports nested variables
configure:2909: result: yes
configure:3035: checking libssh2 version
configure:3037: result: 1.4.4-20141103
configure:3048: checking build system type
configure:3062: result: x86_64-unknown-freebsd8.4
configure:3082: checking host system type
configure:3095: result: x86_64-unknown-freebsd8.4
configure:3122: autobuild project... libssh2
configure:3128: autobuild revision... 1.4.4-20141103
configure:3133: autobuild hostname... bsd
configure:3144: autobuild timestamp... 20141103-201221
configure:3185: checking for style of include used by make
configure:3213: result: GNU
configure:3284: checking for gcc
configure:3300: found /usr/bin/gcc
configure:3311: result: gcc
configure:3540: checking for C compiler version
configure:3549: gcc --version >&5
gcc (GCC) 4.2.1 20070831 patched [FreeBSD]
Copyright (C) 2007 Free Software Foundation, Inc.
This is free software; see the source for copying conditions.  There is NO
warranty; not even for MERCHANTABILITY or FITNESS FOR A PARTICULAR PURPOSE.

configure:3560: $? = 0
configure:3549: gcc -v >&5
Using built-in specs.
Target: amd64-undermydesk-freebsd
Configured with: FreeBSD/amd64 system compiler
Thread model: posix
gcc version 4.2.1 20070831 patched [FreeBSD]
configure:3560: $? = 0
configure:3549: gcc -V >&5
gcc: '-V' option must have argument
configure:3560: $? = 1
configure:3549: gcc -qversion >&5
gcc: unrecognized option '-qversion'
gcc: No input files specified
configure:3560: $? = 1
configure:3580: checking whether the C compiler works
configure:3602: gcc    conftest.c  >&5
configure:3606: $? = 0
configure:3654: result: yes
configure:3657: checking for C compiler default output file name
configure:3659: result: a.out
configure:3665: checking for suffix of executables
configure:3672: gcc -o conftest    conftest.c  >&5
configure:3676: $? = 0
configure:3698: result: 
configure:3720: checking whether we are cross compiling
configure:3728: gcc -o conftest    conftest.c  >&5
configure:3732: $? = 0
configure:3739: ./conftest
configure:3743: $? = 0
configure:3758: result: no
configure:3763: checking for suffix of object files
configure:3785: gcc -c   conftest.c >&5
configure:3789: $? = 0
configure:3810: result: o
configure:3814: checking whether we are using the GNU C compiler
configure:3833: gcc -c   conftest.c >&5
configure:3833: $? = 0
configure:3842: result: yes
configure:3851: checking whether gcc accepts -g
configure:3871: gcc -c -g  conftest.c >&5
configure:3871: $? = 0
configure:3912: result: yes
configure:3929: checking for gcc option to accept ISO C89
configure:3992: gcc  -c -g -O2  conftest.c >&5
configure:3992: $? = 0
configure:4005: result: none needed
configure:4030: checking whether gcc understands -c and -o together
configure:4052: gcc -c conftest.c -o conftest2.o
configure:4055: $? = 0
configure:4052: gcc -c conftest.c -o conftest2.o
configure:4055: $? = 0
configure:4067: result: yes
configure:4086: checking dependency style of gcc
configure:4197: result: gcc3
configure:4218: checking how to run the C preprocessor
configure:4249: gcc -E  conftest.c
configure:4249: $? = 0
configure:4263: gcc -E  conftest.c
conftest.c:11:28: error: ac_nonexistent.h: No such file or directory
configure:4263: $? = 1
configure: failed program was:
| /* confdefs.h */
| #define PACKAGE_NAME "libssh2"
| #define PACKAGE_TARNAME "libssh2"
| #define PACKAGE_VERSION "-"
| #define PACKAGE_STRING "libssh2 -"
| #define PACKAGE_BUGREPORT "libssh2-devel@cool.haxx.se"
| #define PACKAGE_URL ""
| #define PACKAGE "libssh2"
| #define VERSION "-"
| /* end confdefs.h.  */
| #include <ac_nonexistent.h>
configure:4288: result: gcc -E
configure:4308: gcc -E  conftest.c
configure:4308: $? = 0
configure:4322: gcc -E  conftest.c
conftest.c:11:28: error: ac_nonexistent.h: No such file or directory
configure:4322: $? = 1
configure: failed program was:
| /* confdefs.h */
| #define PACKAGE_NAME "libssh2"
| #define PACKAGE_TARNAME "libssh2"
| #define PACKAGE_VERSION "-"
| #define PACKAGE_STRING "libssh2 -"
| #define PACKAGE_BUGREPORT "libssh2-devel@cool.haxx.se"
| #define PACKAGE_URL ""
| #define PACKAGE "libssh2"
| #define VERSION "-"
| /* end confdefs.h.  */
| #include <ac_nonexistent.h>
configure:4351: checking for grep that handles long lines and -e
configure:4409: result: /usr/bin/grep
configure:4414: checking for egrep
configure:4476: result: /usr/bin/grep -E
configure:4481: checking for ANSI C header files
configure:4501: gcc -c -g -O2  conftest.c >&5
configure:4501: $? = 0
configure:4574: gcc -o conftest -g -O2   conftest.c  >&5
configure:4574: $? = 0
configure:4574: ./conftest
configure:4574: $? = 0
configure:4585: result: yes
configure:4598: checking for sys/types.h
configure:4598: gcc -c -g -O2  conftest.c >&5
configure:4598: $? = 0
configure:4598: result: yes
configure:4598: checking for sys/stat.h
configure:4598: gcc -c -g -O2  conftest.c >&5
configure:4598: $? = 0
configure:4598: result: yes
configure:4598: checking for stdlib.h
configure:4598: gcc -c -g -O2  conftest.c >&5
configure:4598: $? = 0
configure:4598: result: yes
configure:4598: checking for string.h
configure:4598: gcc -c -g -O2  conftest.c >&5
configure:4598: $? = 0
configure:4598: result: yes
configure:4598: checking for memory.h
configure:4598: gcc -c -g -O2  conftest.c >&5
configure:4598: $? = 0
configure:4598: result: yes
configure:4598: checking for strings.h
configure:4598: gcc -c -g -O2  conftest.c >&5
configure:4598: $? = 0
configure:4598: result: yes
configure:4598: checking for inttypes.h
configure:4598: gcc -c -g -O2  conftest.c >&5
configure:4598: $? = 0
configure:4598: result: yes
configure:4598: checking for stdint.h
configure:4598: gcc -c -g -O2  conftest.c >&5
configure:4598: $? = 0
configure:4598: result: yes
configure:4598: checking for unistd.h
configure:4598: gcc -c -g -O2  conftest.c >&5
configure:4598: $? = 0
configure:4598: result: yes
configure:4610: checking for long long
configure:4610: gcc -c -g -O2  conftest.c >&5
configure:4610: $? = 0
configure:4610: gcc -c -g -O2  conftest.c >&5
conftest.c: In function 'main':
conftest.c:57: error: expected expression before ')' token
configure:4610: $? = 1
configure: failed program was:
| /* confdefs.h */
| #define PACKAGE_NAME "libssh2"
| #define PACKAGE_TARNAME "libssh2"
| #define PACKAGE_VERSION "-"
| #define PACKAGE_STRING "libssh2 -"
| #define PACKAGE_BUGREPORT "libssh2-devel@cool.haxx.se"
| #define PACKAGE_URL ""
| #define PACKAGE "libssh2"
| #define VERSION "-"
| #define STDC_HEADERS 1
| #define HAVE_SYS_TYPES_H 1
| #define HAVE_SYS_STAT_H 1
| #define HAVE_STDLIB_H 1
| #define HAVE_STRING_H 1
| #define HAVE_MEMORY_H 1
| #define HAVE_STRINGS_H 1
| #define HAVE_INTTYPES_H 1
| #define HAVE_STDINT_H 1
| #define HAVE_UNISTD_H 1
| /* end confdefs.h.  */
| #include <stdio.h>
| #ifdef HAVE_SYS_TYPES_H
| # include <sys/types.h>
| #endif
| #ifdef HAVE_SYS_STAT_H
| # include <sys/stat.h>
| #endif
| #ifdef STDC_HEADERS
| # include <stdlib.h>
| # include <stddef.h>
| #else
| # ifdef HAVE_STDLIB_H
| #  include <stdlib.h>
| # endif
| #endif
| #ifdef HAVE_STRING_H
| # if !defined STDC_HEADERS && defined HAVE_MEMORY_H
| #  include <memory.h>
| # endif
| # include <string.h>
| #endif
| #ifdef HAVE_STRINGS_H
| # include <strings.h>
| #endif
| #ifdef HAVE_INTTYPES_H
| # include <inttypes.h>
| #endif
| #ifdef HAVE_STDINT_H
| # include <stdint.h>
| #endif
| #ifdef HAVE_UNISTD_H
| # include <unistd.h>
| #endif
| int
| main ()
| {
| if (sizeof ((long long)))
| 	    return 0;
|   ;
|   return 0;
| }
configure:4610: result: yes
configure:4622: checking if _REENTRANT is already defined
configure:4644: gcc -c -g -O2  conftest.c >&5
conftest.c: In function 'main':
conftest.c:32: error: 'force' undeclared (first use in this function)
conftest.c:32: error: (Each undeclared identifier is reported only once
conftest.c:32: error: for each function it appears in.)
conftest.c:32: error: expected ';' before 'compilation'
configure:4644: $? = 1
configure: failed program was:
| /* confdefs.h */
| #define PACKAGE_NAME "libssh2"
| #define PACKAGE_TARNAME "libssh2"
| #define PACKAGE_VERSION "-"
| #define PACKAGE_STRING "libssh2 -"
| #define PACKAGE_BUGREPORT "libssh2-devel@cool.haxx.se"
| #define PACKAGE_URL ""
| #define PACKAGE "libssh2"
| #define VERSION "-"
| #define STDC_HEADERS 1
| #define HAVE_SYS_TYPES_H 1
| #define HAVE_SYS_STAT_H 1
| #define HAVE_STDLIB_H 1
| #define HAVE_STRING_H 1
| #define HAVE_MEMORY_H 1
| #define HAVE_STRINGS_H 1
| #define HAVE_INTTYPES_H 1
| #define HAVE_STDINT_H 1
| #define HAVE_UNISTD_H 1
| #define HAVE_LONGLONG 1
| /* end confdefs.h.  */
| 
| 
| 
| int
| main ()
| {
| 
| #ifdef _REENTRANT
|       int dummy=1;
| #else
|       force compilation error
| #endif
| 
|   ;
|   return 0;
| }
| 
configure:4652: result: no
configure:4660: checking if _REENTRANT is actually needed
configure:4677: result: no
configure:4682: checking if _REENTRANT is onwards defined
configure:4699: result: no
configure:4706: checking for library containing socket
configure:4737: gcc -o conftest -g -O2   conftest.c  >&5
configure:4737: $? = 0
configure:4754: result: none required
configure:4764: checking for library containing inet_addr
configure:4795: gcc -o conftest -g -O2   conftest.c  >&5
configure:4795: $? = 0
configure:4812: result: none required
configure:4871: checking for gcc
configure:4898: result: gcc
configure:5127: checking for C compiler version
configure:5136: gcc --version >&5
gcc (GCC) 4.2.1 20070831 patched [FreeBSD]
Copyright (C) 2007 Free Software Foundation, Inc.
This is free software; see the source for copying conditions.  There is NO
warranty; not even for MERCHANTABILITY or FITNESS FOR A PARTICULAR PURPOSE.

configure:5147: $? = 0
configure:5136: gcc -v >&5
Using built-in specs.
Target: amd64-undermydesk-freebsd
Configured with: FreeBSD/amd64 system compiler
Thread model: posix
gcc version 4.2.1 20070831 patched [FreeBSD]
configure:5147: $? = 0
configure:5136: gcc -V >&5
gcc: '-V' option must have argument
configure:5147: $? = 1
configure:5136: gcc -qversion >&5
gcc: unrecognized option '-qversion'
gcc: No input files specified
configure:5147: $? = 1
configure:5151: checking whether we are using the GNU C compiler
configure:5179: result: yes
configure:5188: checking whether gcc accepts -g
configure:5249: result: yes
configure:5266: checking for gcc option to accept ISO C89
configure:5342: result: none needed
configure:5367: checking whether gcc understands -c and -o together
configure:5404: result: yes
configure:5423: checking dependency style of gcc
configure:5534: result: gcc3
configure:5550: checking whether ln -s works
configure:5554: result: yes
configure:5561: checking whether make sets $(MAKE)
configure:5583: result: yes
configure:5596: checking for sshd
configure:5614: found /usr/sbin/sshd
configure:5626: result: /usr/sbin/sshd
configure:5994: checking how to print strings
configure:6021: result: printf
configure:6042: checking for a sed that does not truncate output
configure:6106: result: /usr/bin/sed
configure:6124: checking for fgrep
configure:6186: result: /usr/bin/grep -F
configure:6221: checking for ld used by gcc
configure:6288: result: /usr/bin/ld
configure:6295: checking if the linker (/usr/bin/ld) is GNU ld
configure:6310: result: yes
configure:6322: checking for BSD- or MS-compatible name lister (nm)
configure:6371: result: /usr/bin/nm -B
configure:6501: checking the name lister (/usr/bin/nm -B) interface
configure:6508: gcc -c -g -O2  conftest.c >&5
configure:6511: /usr/bin/nm -B "conftest.o"
configure:6514: output
0000000000000000 B some_variable
configure:6521: result: BSD nm
configure:6525: checking the maximum length of command line arguments
configure:6656: result: 196608
configure:6673: checking whether the shell understands some XSI constructs
configure:6683: result: yes
configure:6687: checking whether the shell understands "+="
configure:6693: result: no
configure:6728: checking how to convert x86_64-unknown-freebsd8.4 file names to x86_64-unknown-freebsd8.4 format
configure:6768: result: func_convert_file_noop
configure:6775: checking how to convert x86_64-unknown-freebsd8.4 file names to toolchain format
configure:6795: result: func_convert_file_noop
configure:6802: checking for /usr/bin/ld option to reload object files
configure:6809: result: -r
configure:6883: checking for objdump
configure:6910: result: objdump
configure:6939: checking how to recognize dependent libraries
configure:7137: result: pass_all
configure:7222: checking for dlltool
configure:7249: result: dlltool
configure:7279: checking how to associate runtime and link libraries
configure:7306: result: printf %s\n
configure:7366: checking for ar
configure:7382: found /usr/bin/ar
configure:7393: result: ar
configure:7430: checking for archiver @FILE support
configure:7447: gcc -c -g -O2  conftest.c >&5
configure:7447: $? = 0
configure:7450: ar cru libconftest.a @conftest.lst >&5
configure:7453: $? = 0
configure:7458: ar cru libconftest.a @conftest.lst >&5
ar: conftest.o: No such file or directory
configure:7461: $? = 1
configure:7473: result: @
configure:7531: checking for strip
configure:7547: found /usr/bin/strip
configure:7558: result: strip
configure:7630: checking for ranlib
configure:7646: found /usr/bin/ranlib
configure:7657: result: ranlib
configure:7759: checking command to parse /usr/bin/nm -B output from gcc object
configure:7879: gcc -c -g -O2  conftest.c >&5
configure:7882: $? = 0
configure:7886: /usr/bin/nm -B conftest.o \| sed -n -e 's/^.*[ ]\([ABCDGIRSTW][ABCDGIRSTW]*\)[ ][ ]*\([_A-Za-z][_A-Za-z0-9]*\)$/\1 \2 \2/p' | sed '/ __gnu_lto/d' \> conftest.nm
configure:7889: $? = 0
configure:7955: gcc -o conftest -g -O2   conftest.c conftstm.o >&5
configure:7958: $? = 0
configure:7996: result: ok
configure:8033: checking for sysroot
configure:8063: result: no
configure:8332: checking for mt
configure:8348: found /usr/bin/mt
configure:8359: result: mt
configure:8382: checking if mt is a manifest tool
configure:8388: mt '-?'
mt: illegal option -- ?
usage: mt [-f device] command [count]
configure:8396: result: no
configure:9035: checking for dlfcn.h
configure:9035: gcc -c -g -O2  conftest.c >&5
configure:9035: $? = 0
configure:9035: result: yes
configure:9239: checking for objdir
configure:9254: result: .libs
configure:9525: checking if gcc supports -fno-rtti -fno-exceptions
configure:9543: gcc -c -g -O2  -fno-rtti -fno-exceptions conftest.c >&5
cc1: warning: command line option "-fno-rtti" is valid for C++/ObjC++ but not for C
configure:9547: $? = 0
configure:9560: result: no
configure:9887: checking for gcc option to produce PIC
configure:9894: result: -fPIC -DPIC
configure:9902: checking if gcc PIC flag -fPIC -DPIC works
configure:9920: gcc -c -g -O2  -fPIC -DPIC -DPIC conftest.c >&5
configure:9924: $? = 0
configure:9937: result: yes
configure:9966: checking if gcc static flag -static works
configure:9994: result: yes
configure:10009: checking if gcc supports -c -o file.o
configure:10030: gcc -c -g -O2  -o out/conftest2.o conftest.c >&5
configure:10034: $? = 0
configure:10056: result: yes
configure:10064: checking if gcc supports -c -o file.o
configure:10111: result: yes
configure:10144: checking whether the gcc linker (/usr/bin/ld) supports shared libraries
configure:11301: result: yes
configure:11338: checking whether -lc should be explicitly linked in
configure:11346: gcc -c -g -O2  conftest.c >&5
configure:11349: $? = 0
configure:11364: gcc -shared  -fPIC -DPIC conftest.o  -v -Wl,-soname -Wl,conftest -o conftest 2\>\&1 \| /usr/bin/grep  -lc  \>/dev/null 2\>\&1
configure:11367: $? = 0
configure:11381: result: no
configure:11541: checking dynamic linker characteristics
configure:12275: result: freebsd8.4 ld.so
configure:12382: checking how to hardcode library paths into programs
configure:12407: result: immediate
configure:12947: checking whether stripping libraries is possible
configure:12952: result: yes
configure:12987: checking if libtool supports shared libraries
configure:12989: result: yes
configure:12992: checking whether to build shared libraries
configure:13013: result: yes
configure:13016: checking whether to build static libraries
configure:13020: result: yes
configure:13057: checking whether byte ordering is bigendian
configure:13072: gcc -c -g -O2  conftest.c >&5
conftest.c:25: error: expected '=', ',', ';', 'asm' or '__attribute__' before 'a'
configure:13072: $? = 1
configure: failed program was:
| /* confdefs.h */
| #define PACKAGE_NAME "libssh2"
| #define PACKAGE_TARNAME "libssh2"
| #define PACKAGE_VERSION "-"
| #define PACKAGE_STRING "libssh2 -"
| #define PACKAGE_BUGREPORT "libssh2-devel@cool.haxx.se"
| #define PACKAGE_URL ""
| #define PACKAGE "libssh2"
| #define VERSION "-"
| #define STDC_HEADERS 1
| #define HAVE_SYS_TYPES_H 1
| #define HAVE_SYS_STAT_H 1
| #define HAVE_STDLIB_H 1
| #define HAVE_STRING_H 1
| #define HAVE_MEMORY_H 1
| #define HAVE_STRINGS_H 1
| #define HAVE_INTTYPES_H 1
| #define HAVE_STDINT_H 1
| #define HAVE_UNISTD_H 1
| #define HAVE_LONGLONG 1
| #define HAVE_DLFCN_H 1
| #define LT_OBJDIR ".libs/"
| /* end confdefs.h.  */
| #ifndef __APPLE_CC__
| 	       not a universal capable compiler
| 	     #endif
| 	     typedef int dummy;
| 
configure:13117: gcc -c -g -O2  conftest.c >&5
configure:13117: $? = 0
configure:13135: gcc -c -g -O2  conftest.c >&5
conftest.c: In function 'main':
conftest.c:31: error: 'not' undeclared (first use in this function)
conftest.c:31: error: (Each undeclared identifier is reported only once
conftest.c:31: error: for each function it appears in.)
conftest.c:31: error: expected ';' before 'big'
configure:13135: $? = 1
configure: failed program was:
| /* confdefs.h */
| #define PACKAGE_NAME "libssh2"
| #define PACKAGE_TARNAME "libssh2"
| #define PACKAGE_VERSION "-"
| #define PACKAGE_STRING "libssh2 -"
| #define PACKAGE_BUGREPORT "libssh2-devel@cool.haxx.se"
| #define PACKAGE_URL ""
| #define PACKAGE "libssh2"
| #define VERSION "-"
| #define STDC_HEADERS 1
| #define HAVE_SYS_TYPES_H 1
| #define HAVE_SYS_STAT_H 1
| #define HAVE_STDLIB_H 1
| #define HAVE_STRING_H 1
| #define HAVE_MEMORY_H 1
| #define HAVE_STRINGS_H 1
| #define HAVE_INTTYPES_H 1
| #define HAVE_STDINT_H 1
| #define HAVE_UNISTD_H 1
| #define HAVE_LONGLONG 1
| #define HAVE_DLFCN_H 1
| #define LT_OBJDIR ".libs/"
| /* end confdefs.h.  */
| #include <sys/types.h>
| 		#include <sys/param.h>
| 
| int
| main ()
| {
| #if BYTE_ORDER != BIG_ENDIAN
| 		 not big endian
| 		#endif
| 
|   ;
|   return 0;
| }
configure:13263: result: no
configure:13289: checking for special C compiler options needed for large files
configure:13334: result: no
configure:13340: checking for _FILE_OFFSET_BITS value needed for large files
configure:13365: gcc -c -g -O2  conftest.c >&5
configure:13365: $? = 0
configure:13397: result: no
configure:13561: checking for ld used by GCC
configure:13625: result: /usr/bin/ld
configure:13632: checking if the linker (/usr/bin/ld) is GNU ld
configure:13645: result: yes
configure:13652: checking for shared library run path origin
configure:13665: result: done
configure:14170: checking for libssl
configure:14189: gcc -o conftest -g -O2   conftest.c  -lssl -lcrypto >&5
configure:14189: $? = 0
configure:14199: result: yes
configure:14206: checking how to link with libssl
configure:14208: result: -lssl -lcrypto
configure:14236: checking for EVP_aes_128_ctr
configure:14236: gcc -o conftest -g -O2   -lssl -lcrypto conftest.c  >&5
/var/tmp//ccWlTpqe.o: In function `main':
/data/projects/scanner/libssh2/conftest.c:60: undefined reference to `EVP_aes_128_ctr'
configure:14236: $? = 1
configure: failed program was:
| /* confdefs.h */
| #define PACKAGE_NAME "libssh2"
| #define PACKAGE_TARNAME "libssh2"
| #define PACKAGE_VERSION "-"
| #define PACKAGE_STRING "libssh2 -"
| #define PACKAGE_BUGREPORT "libssh2-devel@cool.haxx.se"
| #define PACKAGE_URL ""
| #define PACKAGE "libssh2"
| #define VERSION "-"
| #define STDC_HEADERS 1
| #define HAVE_SYS_TYPES_H 1
| #define HAVE_SYS_STAT_H 1
| #define HAVE_STDLIB_H 1
| #define HAVE_STRING_H 1
| #define HAVE_MEMORY_H 1
| #define HAVE_STRINGS_H 1
| #define HAVE_INTTYPES_H 1
| #define HAVE_STDINT_H 1
| #define HAVE_UNISTD_H 1
| #define HAVE_LONGLONG 1
| #define HAVE_DLFCN_H 1
| #define LT_OBJDIR ".libs/"
| #define HAVE_LIBSSL 1
| #define LIBSSH2_OPENSSL 1
| /* end confdefs.h.  */
| /* Define EVP_aes_128_ctr to an innocuous variant, in case <limits.h> declares EVP_aes_128_ctr.
|    For example, HP-UX 11i <limits.h> declares gettimeofday.  */
| #define EVP_aes_128_ctr innocuous_EVP_aes_128_ctr
| 
| /* System header to define __stub macros and hopefully few prototypes,
|     which can conflict with char EVP_aes_128_ctr (); below.
|     Prefer <limits.h> to <assert.h> if __STDC__ is defined, since
|     <limits.h> exists even on freestanding compilers.  */
| 
| #ifdef __STDC__
| # include <limits.h>
| #else
| # include <assert.h>
| #endif
| 
| #undef EVP_aes_128_ctr
| 
| /* Override any GCC internal prototype to avoid an error.
|    Use char because int might match the return type of a GCC
|    builtin and then its argument prototype would still apply.  */
| #ifdef __cplusplus
| extern "C"
| #endif
| char EVP_aes_128_ctr ();
| /* The GNU C library defines this for functions which it implements
|     to always fail with ENOSYS.  Some functions are actually named
|     something starting with __ and the normal name is an alias.  */
| #if defined __stub_EVP_aes_128_ctr || defined __stub___EVP_aes_128_ctr
| choke me
| #endif
| 
| int
| main ()
| {
| return EVP_aes_128_ctr ();
|   ;
|   return 0;
| }
configure:14236: result: no
configure:16364: checking for libz
configure:16383: gcc -o conftest -g -O2   conftest.c  -lz >&5
configure:16383: $? = 0
configure:16393: result: yes
configure:16400: checking how to link with libz
configure:16402: result: -lz
configure:16466: checking whether to enable pedantic and debug compiler options
configure:16599: result: no
configure:16605: checking whether to enable hidden symbols in the library
configure:16646: result: no
configure:16653: checking whether to build example applications
configure:16669: result: yes
configure:16685: checking errno.h usability
configure:16685: gcc -c -g -O2  conftest.c >&5
configure:16685: $? = 0
configure:16685: result: yes
configure:16685: checking errno.h presence
configure:16685: gcc -E  conftest.c
configure:16685: $? = 0
configure:16685: result: yes
configure:16685: checking for errno.h
configure:16685: result: yes
configure:16685: checking fcntl.h usability
configure:16685: gcc -c -g -O2  conftest.c >&5
configure:16685: $? = 0
configure:16685: result: yes
configure:16685: checking fcntl.h presence
configure:16685: gcc -E  conftest.c
configure:16685: $? = 0
configure:16685: result: yes
configure:16685: checking for fcntl.h
configure:16685: result: yes
configure:16685: checking stdio.h usability
configure:16685: gcc -c -g -O2  conftest.c >&5
configure:16685: $? = 0
configure:16685: result: yes
configure:16685: checking stdio.h presence
configure:16685: gcc -E  conftest.c
configure:16685: $? = 0
configure:16685: result: yes
configure:16685: checking for stdio.h
configure:16685: result: yes
configure:16685: checking for stdlib.h
configure:16685: result: yes
configure:16685: checking for unistd.h
configure:16685: result: yes
configure:16685: checking sys/uio.h usability
configure:16685: gcc -c -g -O2  conftest.c >&5
configure:16685: $? = 0
configure:16685: result: yes
configure:16685: checking sys/uio.h presence
configure:16685: gcc -E  conftest.c
configure:16685: $? = 0
configure:16685: result: yes
configure:16685: checking for sys/uio.h
configure:16685: result: yes
configure:16698: checking sys/select.h usability
configure:16698: gcc -c -g -O2  conftest.c >&5
configure:16698: $? = 0
configure:16698: result: yes
configure:16698: checking sys/select.h presence
configure:16698: gcc -E  conftest.c
configure:16698: $? = 0
configure:16698: result: yes
configure:16698: checking for sys/select.h
configure:16698: result: yes
configure:16698: checking sys/socket.h usability
configure:16698: gcc -c -g -O2  conftest.c >&5
configure:16698: $? = 0
configure:16698: result: yes
configure:16698: checking sys/socket.h presence
configure:16698: gcc -E  conftest.c
configure:16698: $? = 0
configure:16698: result: yes
configure:16698: checking for sys/socket.h
configure:16698: result: yes
configure:16698: checking sys/ioctl.h usability
configure:16698: gcc -c -g -O2  conftest.c >&5
configure:16698: $? = 0
configure:16698: result: yes
configure:16698: checking sys/ioctl.h presence
configure:16698: gcc -E  conftest.c
configure:16698: $? = 0
configure:16698: result: yes
configure:16698: checking for sys/ioctl.h
configure:16698: result: yes
configure:16698: checking sys/time.h usability
configure:16698: gcc -c -g -O2  conftest.c >&5
configure:16698: $? = 0
configure:16698: result: yes
configure:16698: checking sys/time.h presence
configure:16698: gcc -E  conftest.c
configure:16698: $? = 0
configure:16698: result: yes
configure:16698: checking for sys/time.h
configure:16698: result: yes
configure:16711: checking arpa/inet.h usability
configure:16711: gcc -c -g -O2  conftest.c >&5
configure:16711: $? = 0
configure:16711: result: yes
configure:16711: checking arpa/inet.h presence
configure:16711: gcc -E  conftest.c
configure:16711: $? = 0
configure:16711: result: yes
configure:16711: checking for arpa/inet.h
configure:16711: result: yes
configure:16711: checking netinet/in.h usability
configure:16711: gcc -c -g -O2  conftest.c >&5
configure:16711: $? = 0
configure:16711: result: yes
configure:16711: checking netinet/in.h presence
configure:16711: gcc -E  conftest.c
configure:16711: $? = 0
configure:16711: result: yes
configure:16711: checking for netinet/in.h
configure:16711: result: yes
configure:16723: checking sys/un.h usability
configure:16723: gcc -c -g -O2  conftest.c >&5
configure:16723: $? = 0
configure:16723: result: yes
configure:16723: checking sys/un.h presence
configure:16723: gcc -E  conftest.c
configure:16723: $? = 0
configure:16723: result: yes
configure:16723: checking for sys/un.h
configure:16723: result: yes
configure:16752: checking windows.h usability
configure:16752: gcc -c -g -O2  conftest.c >&5
conftest.c:75:21: error: windows.h: No such file or directory
configure:16752: $? = 1
configure: failed program was:
| /* confdefs.h */
| #define PACKAGE_NAME "libssh2"
| #define PACKAGE_TARNAME "libssh2"
| #define PACKAGE_VERSION "-"
| #define PACKAGE_STRING "libssh2 -"
| #define PACKAGE_BUGREPORT "libssh2-devel@cool.haxx.se"
| #define PACKAGE_URL ""
| #define PACKAGE "libssh2"
| #define VERSION "-"
| #define STDC_HEADERS 1
| #define HAVE_SYS_TYPES_H 1
| #define HAVE_SYS_STAT_H 1
| #define HAVE_STDLIB_H 1
| #define HAVE_STRING_H 1
| #define HAVE_MEMORY_H 1
| #define HAVE_STRINGS_H 1
| #define HAVE_INTTYPES_H 1
| #define HAVE_STDINT_H 1
| #define HAVE_UNISTD_H 1
| #define HAVE_LONGLONG 1
| #define HAVE_DLFCN_H 1
| #define LT_OBJDIR ".libs/"
| #define HAVE_LIBSSL 1
| #define LIBSSH2_OPENSSL 1
| #define HAVE_LIBZ 1
| #define LIBSSH2_HAVE_ZLIB 1
| #define LIBSSH2_DH_GEX_NEW 1
| #define HAVE_ERRNO_H 1
| #define HAVE_FCNTL_H 1
| #define HAVE_STDIO_H 1
| #define HAVE_STDLIB_H 1
| #define HAVE_UNISTD_H 1
| #define HAVE_SYS_UIO_H 1
| #define HAVE_SYS_SELECT_H 1
| #define HAVE_SYS_SOCKET_H 1
| #define HAVE_SYS_IOCTL_H 1
| #define HAVE_SYS_TIME_H 1
| #define HAVE_ARPA_INET_H 1
| #define HAVE_NETINET_IN_H 1
| #define HAVE_SYS_UN_H 1
| /* end confdefs.h.  */
| #include <stdio.h>
| #ifdef HAVE_SYS_TYPES_H
| # include <sys/types.h>
| #endif
| #ifdef HAVE_SYS_STAT_H
| # include <sys/stat.h>
| #endif
| #ifdef STDC_HEADERS
| # include <stdlib.h>
| # include <stddef.h>
| #else
| # ifdef HAVE_STDLIB_H
| #  include <stdlib.h>
| # endif
| #endif
| #ifdef HAVE_STRING_H
| # if !defined STDC_HEADERS && defined HAVE_MEMORY_H
| #  include <memory.h>
| # endif
| # include <string.h>
| #endif
| #ifdef HAVE_STRINGS_H
| # include <strings.h>
| #endif
| #ifdef HAVE_INTTYPES_H
| # include <inttypes.h>
| #endif
| #ifdef HAVE_STDINT_H
| # include <stdint.h>
| #endif
| #ifdef HAVE_UNISTD_H
| # include <unistd.h>
| #endif
| #include <windows.h>
configure:16752: result: no
configure:16752: checking windows.h presence
configure:16752: gcc -E  conftest.c
conftest.c:42:21: error: windows.h: No such file or directory
configure:16752: $? = 1
configure: failed program was:
| /* confdefs.h */
| #define PACKAGE_NAME "libssh2"
| #define PACKAGE_TARNAME "libssh2"
| #define PACKAGE_VERSION "-"
| #define PACKAGE_STRING "libssh2 -"
| #define PACKAGE_BUGREPORT "libssh2-devel@cool.haxx.se"
| #define PACKAGE_URL ""
| #define PACKAGE "libssh2"
| #define VERSION "-"
| #define STDC_HEADERS 1
| #define HAVE_SYS_TYPES_H 1
| #define HAVE_SYS_STAT_H 1
| #define HAVE_STDLIB_H 1
| #define HAVE_STRING_H 1
| #define HAVE_MEMORY_H 1
| #define HAVE_STRINGS_H 1
| #define HAVE_INTTYPES_H 1
| #define HAVE_STDINT_H 1
| #define HAVE_UNISTD_H 1
| #define HAVE_LONGLONG 1
| #define HAVE_DLFCN_H 1
| #define LT_OBJDIR ".libs/"
| #define HAVE_LIBSSL 1
| #define LIBSSH2_OPENSSL 1
| #define HAVE_LIBZ 1
| #define LIBSSH2_HAVE_ZLIB 1
| #define LIBSSH2_DH_GEX_NEW 1
| #define HAVE_ERRNO_H 1
| #define HAVE_FCNTL_H 1
| #define HAVE_STDIO_H 1
| #define HAVE_STDLIB_H 1
| #define HAVE_UNISTD_H 1
| #define HAVE_SYS_UIO_H 1
| #define HAVE_SYS_SELECT_H 1
| #define HAVE_SYS_SOCKET_H 1
| #define HAVE_SYS_IOCTL_H 1
| #define HAVE_SYS_TIME_H 1
| #define HAVE_ARPA_INET_H 1
| #define HAVE_NETINET_IN_H 1
| #define HAVE_SYS_UN_H 1
| /* end confdefs.h.  */
| #include <windows.h>
configure:16752: result: no
configure:16752: checking for windows.h
configure:16752: result: no
configure:16752: checking winsock2.h usability
configure:16752: gcc -c -g -O2  conftest.c >&5
conftest.c:75:22: error: winsock2.h: No such file or directory
configure:16752: $? = 1
configure: failed program was:
| /* confdefs.h */
| #define PACKAGE_NAME "libssh2"
| #define PACKAGE_TARNAME "libssh2"
| #define PACKAGE_VERSION "-"
| #define PACKAGE_STRING "libssh2 -"
| #define PACKAGE_BUGREPORT "libssh2-devel@cool.haxx.se"
| #define PACKAGE_URL ""
| #define PACKAGE "libssh2"
| #define VERSION "-"
| #define STDC_HEADERS 1
| #define HAVE_SYS_TYPES_H 1
| #define HAVE_SYS_STAT_H 1
| #define HAVE_STDLIB_H 1
| #define HAVE_STRING_H 1
| #define HAVE_MEMORY_H 1
| #define HAVE_STRINGS_H 1
| #define HAVE_INTTYPES_H 1
| #define HAVE_STDINT_H 1
| #define HAVE_UNISTD_H 1
| #define HAVE_LONGLONG 1
| #define HAVE_DLFCN_H 1
| #define LT_OBJDIR ".libs/"
| #define HAVE_LIBSSL 1
| #define LIBSSH2_OPENSSL 1
| #define HAVE_LIBZ 1
| #define LIBSSH2_HAVE_ZLIB 1
| #define LIBSSH2_DH_GEX_NEW 1
| #define HAVE_ERRNO_H 1
| #define HAVE_FCNTL_H 1
| #define HAVE_STDIO_H 1
| #define HAVE_STDLIB_H 1
| #define HAVE_UNISTD_H 1
| #define HAVE_SYS_UIO_H 1
| #define HAVE_SYS_SELECT_H 1
| #define HAVE_SYS_SOCKET_H 1
| #define HAVE_SYS_IOCTL_H 1
| #define HAVE_SYS_TIME_H 1
| #define HAVE_ARPA_INET_H 1
| #define HAVE_NETINET_IN_H 1
| #define HAVE_SYS_UN_H 1
| /* end confdefs.h.  */
| #include <stdio.h>
| #ifdef HAVE_SYS_TYPES_H
| # include <sys/types.h>
| #endif
| #ifdef HAVE_SYS_STAT_H
| # include <sys/stat.h>
| #endif
| #ifdef STDC_HEADERS
| # include <stdlib.h>
| # include <stddef.h>
| #else
| # ifdef HAVE_STDLIB_H
| #  include <stdlib.h>
| # endif
| #endif
| #ifdef HAVE_STRING_H
| # if !defined STDC_HEADERS && defined HAVE_MEMORY_H
| #  include <memory.h>
| # endif
| # include <string.h>
| #endif
| #ifdef HAVE_STRINGS_H
| # include <strings.h>
| #endif
| #ifdef HAVE_INTTYPES_H
| # include <inttypes.h>
| #endif
| #ifdef HAVE_STDINT_H
| # include <stdint.h>
| #endif
| #ifdef HAVE_UNISTD_H
| # include <unistd.h>
| #endif
| #include <winsock2.h>
configure:16752: result: no
configure:16752: checking winsock2.h presence
configure:16752: gcc -E  conftest.c
conftest.c:42:22: error: winsock2.h: No such file or directory
configure:16752: $? = 1
configure: failed program was:
| /* confdefs.h */
| #define PACKAGE_NAME "libssh2"
| #define PACKAGE_TARNAME "libssh2"
| #define PACKAGE_VERSION "-"
| #define PACKAGE_STRING "libssh2 -"
| #define PACKAGE_BUGREPORT "libssh2-devel@cool.haxx.se"
| #define PACKAGE_URL ""
| #define PACKAGE "libssh2"
| #define VERSION "-"
| #define STDC_HEADERS 1
| #define HAVE_SYS_TYPES_H 1
| #define HAVE_SYS_STAT_H 1
| #define HAVE_STDLIB_H 1
| #define HAVE_STRING_H 1
| #define HAVE_MEMORY_H 1
| #define HAVE_STRINGS_H 1
| #define HAVE_INTTYPES_H 1
| #define HAVE_STDINT_H 1
| #define HAVE_UNISTD_H 1
| #define HAVE_LONGLONG 1
| #define HAVE_DLFCN_H 1
| #define LT_OBJDIR ".libs/"
| #define HAVE_LIBSSL 1
| #define LIBSSH2_OPENSSL 1
| #define HAVE_LIBZ 1
| #define LIBSSH2_HAVE_ZLIB 1
| #define LIBSSH2_DH_GEX_NEW 1
| #define HAVE_ERRNO_H 1
| #define HAVE_FCNTL_H 1
| #define HAVE_STDIO_H 1
| #define HAVE_STDLIB_H 1
| #define HAVE_UNISTD_H 1
| #define HAVE_SYS_UIO_H 1
| #define HAVE_SYS_SELECT_H 1
| #define HAVE_SYS_SOCKET_H 1
| #define HAVE_SYS_IOCTL_H 1
| #define HAVE_SYS_TIME_H 1
| #define HAVE_ARPA_INET_H 1
| #define HAVE_NETINET_IN_H 1
| #define HAVE_SYS_UN_H 1
| /* end confdefs.h.  */
| #include <winsock2.h>
configure:16752: result: no
configure:16752: checking for winsock2.h
configure:16752: result: no
configure:16752: checking ws2tcpip.h usability
configure:16752: gcc -c -g -O2  conftest.c >&5
conftest.c:75:22: error: ws2tcpip.h: No such file or directory
configure:16752: $? = 1
configure: failed program was:
| /* confdefs.h */
| #define PACKAGE_NAME "libssh2"
| #define PACKAGE_TARNAME "libssh2"
| #define PACKAGE_VERSION "-"
| #define PACKAGE_STRING "libssh2 -"
| #define PACKAGE_BUGREPORT "libssh2-devel@cool.haxx.se"
| #define PACKAGE_URL ""
| #define PACKAGE "libssh2"
| #define VERSION "-"
| #define STDC_HEADERS 1
| #define HAVE_SYS_TYPES_H 1
| #define HAVE_SYS_STAT_H 1
| #define HAVE_STDLIB_H 1
| #define HAVE_STRING_H 1
| #define HAVE_MEMORY_H 1
| #define HAVE_STRINGS_H 1
| #define HAVE_INTTYPES_H 1
| #define HAVE_STDINT_H 1
| #define HAVE_UNISTD_H 1
| #define HAVE_LONGLONG 1
| #define HAVE_DLFCN_H 1
| #define LT_OBJDIR ".libs/"
| #define HAVE_LIBSSL 1
| #define LIBSSH2_OPENSSL 1
| #define HAVE_LIBZ 1
| #define LIBSSH2_HAVE_ZLIB 1
| #define LIBSSH2_DH_GEX_NEW 1
| #define HAVE_ERRNO_H 1
| #define HAVE_FCNTL_H 1
| #define HAVE_STDIO_H 1
| #define HAVE_STDLIB_H 1
| #define HAVE_UNISTD_H 1
| #define HAVE_SYS_UIO_H 1
| #define HAVE_SYS_SELECT_H 1
| #define HAVE_SYS_SOCKET_H 1
| #define HAVE_SYS_IOCTL_H 1
| #define HAVE_SYS_TIME_H 1
| #define HAVE_ARPA_INET_H 1
| #define HAVE_NETINET_IN_H 1
| #define HAVE_SYS_UN_H 1
| /* end confdefs.h.  */
| #include <stdio.h>
| #ifdef HAVE_SYS_TYPES_H
| # include <sys/types.h>
| #endif
| #ifdef HAVE_SYS_STAT_H
| # include <sys/stat.h>
| #endif
| #ifdef STDC_HEADERS
| # include <stdlib.h>
| # include <stddef.h>
| #else
| # ifdef HAVE_STDLIB_H
| #  include <stdlib.h>
| # endif
| #endif
| #ifdef HAVE_STRING_H
| # if !defined STDC_HEADERS && defined HAVE_MEMORY_H
| #  include <memory.h>
| # endif
| # include <string.h>
| #endif
| #ifdef HAVE_STRINGS_H
| # include <strings.h>
| #endif
| #ifdef HAVE_INTTYPES_H
| # include <inttypes.h>
| #endif
| #ifdef HAVE_STDINT_H
| # include <stdint.h>
| #endif
| #ifdef HAVE_UNISTD_H
| # include <unistd.h>
| #endif
| #include <ws2tcpip.h>
configure:16752: result: no
configure:16752: checking ws2tcpip.h presence
configure:16752: gcc -E  conftest.c
conftest.c:42:22: error: ws2tcpip.h: No such file or directory
configure:16752: $? = 1
configure: failed program was:
| /* confdefs.h */
| #define PACKAGE_NAME "libssh2"
| #define PACKAGE_TARNAME "libssh2"
| #define PACKAGE_VERSION "-"
| #define PACKAGE_STRING "libssh2 -"
| #define PACKAGE_BUGREPORT "libssh2-devel@cool.haxx.se"
| #define PACKAGE_URL ""
| #define PACKAGE "libssh2"
| #define VERSION "-"
| #define STDC_HEADERS 1
| #define HAVE_SYS_TYPES_H 1
| #define HAVE_SYS_STAT_H 1
| #define HAVE_STDLIB_H 1
| #define HAVE_STRING_H 1
| #define HAVE_MEMORY_H 1
| #define HAVE_STRINGS_H 1
| #define HAVE_INTTYPES_H 1
| #define HAVE_STDINT_H 1
| #define HAVE_UNISTD_H 1
| #define HAVE_LONGLONG 1
| #define HAVE_DLFCN_H 1
| #define LT_OBJDIR ".libs/"
| #define HAVE_LIBSSL 1
| #define LIBSSH2_OPENSSL 1
| #define HAVE_LIBZ 1
| #define LIBSSH2_HAVE_ZLIB 1
| #define LIBSSH2_DH_GEX_NEW 1
| #define HAVE_ERRNO_H 1
| #define HAVE_FCNTL_H 1
| #define HAVE_STDIO_H 1
| #define HAVE_STDLIB_H 1
| #define HAVE_UNISTD_H 1
| #define HAVE_SYS_UIO_H 1
| #define HAVE_SYS_SELECT_H 1
| #define HAVE_SYS_SOCKET_H 1
| #define HAVE_SYS_IOCTL_H 1
| #define HAVE_SYS_TIME_H 1
| #define HAVE_ARPA_INET_H 1
| #define HAVE_NETINET_IN_H 1
| #define HAVE_SYS_UN_H 1
| /* end confdefs.h.  */
| #include <ws2tcpip.h>
configure:16752: result: no
configure:16752: checking for ws2tcpip.h
configure:16752: result: no
configure:16773: checking for poll
configure:16773: gcc -o conftest -g -O2   conftest.c  >&5
configure:16773: $? = 0
configure:16773: result: yes
configure:16788: checking for gettimeofday
configure:16788: gcc -o conftest -g -O2   conftest.c  >&5
configure:16788: $? = 0
configure:16788: result: yes
configure:16788: checking for select
configure:16788: gcc -o conftest -g -O2   conftest.c  >&5
configure:16788: $? = 0
configure:16788: result: yes
configure:16788: checking for strtoll
configure:16788: gcc -o conftest -g -O2   conftest.c  >&5
configure:16788: $? = 0
configure:16788: result: yes
configure:16842: checking for size_t
configure:16842: gcc -c -g -O2  conftest.c >&5
configure:16842: $? = 0
configure:16842: gcc -c -g -O2  conftest.c >&5
conftest.c: In function 'main':
conftest.c:82: error: expected expression before ')' token
configure:16842: $? = 1
configure: failed program was:
| /* confdefs.h */
| #define PACKAGE_NAME "libssh2"
| #define PACKAGE_TARNAME "libssh2"
| #define PACKAGE_VERSION "-"
| #define PACKAGE_STRING "libssh2 -"
| #define PACKAGE_BUGREPORT "libssh2-devel@cool.haxx.se"
| #define PACKAGE_URL ""
| #define PACKAGE "libssh2"
| #define VERSION "-"
| #define STDC_HEADERS 1
| #define HAVE_SYS_TYPES_H 1
| #define HAVE_SYS_STAT_H 1
| #define HAVE_STDLIB_H 1
| #define HAVE_STRING_H 1
| #define HAVE_MEMORY_H 1
| #define HAVE_STRINGS_H 1
| #define HAVE_INTTYPES_H 1
| #define HAVE_STDINT_H 1
| #define HAVE_UNISTD_H 1
| #define HAVE_LONGLONG 1
| #define HAVE_DLFCN_H 1
| #define LT_OBJDIR ".libs/"
| #define HAVE_LIBSSL 1
| #define LIBSSH2_OPENSSL 1
| #define HAVE_LIBZ 1
| #define LIBSSH2_HAVE_ZLIB 1
| #define LIBSSH2_DH_GEX_NEW 1
| #define HAVE_ERRNO_H 1
| #define HAVE_FCNTL_H 1
| #define HAVE_STDIO_H 1
| #define HAVE_STDLIB_H 1
| #define HAVE_UNISTD_H 1
| #define HAVE_SYS_UIO_H 1
| #define HAVE_SYS_SELECT_H 1
| #define HAVE_SYS_SOCKET_H 1
| #define HAVE_SYS_IOCTL_H 1
| #define HAVE_SYS_TIME_H 1
| #define HAVE_ARPA_INET_H 1
| #define HAVE_NETINET_IN_H 1
| #define HAVE_SYS_UN_H 1
| #define HAVE_POLL 1
| #define HAVE_GETTIMEOFDAY 1
| #define HAVE_SELECT 1
| #define HAVE_STRTOLL 1
| /* end confdefs.h.  */
| #include <stdio.h>
| #ifdef HAVE_SYS_TYPES_H
| # include <sys/types.h>
| #endif
| #ifdef HAVE_SYS_STAT_H
| # include <sys/stat.h>
| #endif
| #ifdef STDC_HEADERS
| # include <stdlib.h>
| # include <stddef.h>
| #else
| # ifdef HAVE_STDLIB_H
| #  include <stdlib.h>
| # endif
| #endif
| #ifdef HAVE_STRING_H
| # if !defined STDC_HEADERS && defined HAVE_MEMORY_H
| #  include <memory.h>
| # endif
| # include <string.h>
| #endif
| #ifdef HAVE_STRINGS_H
| # include <strings.h>
| #endif
| #ifdef HAVE_INTTYPES_H
| # include <inttypes.h>
| #endif
| #ifdef HAVE_STDINT_H
| # include <stdint.h>
| #endif
| #ifdef HAVE_UNISTD_H
| # include <unistd.h>
| #endif
| int
| main ()
| {
| if (sizeof ((size_t)))
| 	    return 0;
|   ;
|   return 0;
| }
configure:16842: result: yes
configure:16855: checking for working alloca.h
configure:16872: gcc -o conftest -g -O2   conftest.c  >&5
conftest.c:46:20: error: alloca.h: No such file or directory
conftest.c: In function 'main':
conftest.c:50: warning: incompatible implicit declaration of built-in function 'alloca'
configure:16872: $? = 1
configure: failed program was:
| /* confdefs.h */
| #define PACKAGE_NAME "libssh2"
| #define PACKAGE_TARNAME "libssh2"
| #define PACKAGE_VERSION "-"
| #define PACKAGE_STRING "libssh2 -"
| #define PACKAGE_BUGREPORT "libssh2-devel@cool.haxx.se"
| #define PACKAGE_URL ""
| #define PACKAGE "libssh2"
| #define VERSION "-"
| #define STDC_HEADERS 1
| #define HAVE_SYS_TYPES_H 1
| #define HAVE_SYS_STAT_H 1
| #define HAVE_STDLIB_H 1
| #define HAVE_STRING_H 1
| #define HAVE_MEMORY_H 1
| #define HAVE_STRINGS_H 1
| #define HAVE_INTTYPES_H 1
| #define HAVE_STDINT_H 1
| #define HAVE_UNISTD_H 1
| #define HAVE_LONGLONG 1
| #define HAVE_DLFCN_H 1
| #define LT_OBJDIR ".libs/"
| #define HAVE_LIBSSL 1
| #define LIBSSH2_OPENSSL 1
| #define HAVE_LIBZ 1
| #define LIBSSH2_HAVE_ZLIB 1
| #define LIBSSH2_DH_GEX_NEW 1
| #define HAVE_ERRNO_H 1
| #define HAVE_FCNTL_H 1
| #define HAVE_STDIO_H 1
| #define HAVE_STDLIB_H 1
| #define HAVE_UNISTD_H 1
| #define HAVE_SYS_UIO_H 1
| #define HAVE_SYS_SELECT_H 1
| #define HAVE_SYS_SOCKET_H 1
| #define HAVE_SYS_IOCTL_H 1
| #define HAVE_SYS_TIME_H 1
| #define HAVE_ARPA_INET_H 1
| #define HAVE_NETINET_IN_H 1
| #define HAVE_SYS_UN_H 1
| #define HAVE_POLL 1
| #define HAVE_GETTIMEOFDAY 1
| #define HAVE_SELECT 1
| #define HAVE_STRTOLL 1
| /* end confdefs.h.  */
| #include <alloca.h>
| int
| main ()
| {
| char *p = (char *) alloca (2 * sizeof (int));
| 			  if (p) return 0;
|   ;
|   return 0;
| }
configure:16880: result: no
configure:16888: checking for alloca
configure:16925: gcc -o conftest -g -O2   conftest.c  >&5
configure:16925: $? = 0
configure:16933: result: yes
configure:17041: checking for an ANSI C-conforming const
configure:17107: gcc -c -g -O2  conftest.c >&5
configure:17107: $? = 0
configure:17114: result: yes
configure:17122: checking for inline
configure:17138: gcc -c -g -O2  conftest.c >&5
configure:17138: $? = 0
configure:17146: result: inline
configure:17166: checking non-blocking sockets style
configure:17204: gcc -c -g -O2  conftest.c >&5
configure:17204: $? = 0
configure:17365: result: O_NONBLOCK
configure:17489: checking that generated files are newer than configure
configure:17495: result: done
configure:17547: creating ./config.status

## ---------------------- ##
## Running config.status. ##
## ---------------------- ##

This file was extended by libssh2 config.status -, which was
generated by GNU Autoconf 2.69.  Invocation command line was

  CONFIG_FILES    = 
  CONFIG_HEADERS  = 
  CONFIG_LINKS    = 
  CONFIG_COMMANDS = 
  $ ./config.status 

on bsd

config.status:1149: creating Makefile
config.status:1149: creating src/Makefile
config.status:1149: creating tests/Makefile
config.status:1149: creating example/Makefile
config.status:1149: creating docs/Makefile
config.status:1149: creating libssh2.pc
config.status:1149: creating src/libssh2_config.h
config.status:1149: creating example/libssh2_config.h
config.status:1378: executing depfiles commands
config.status:1378: executing libtool commands
configure:19783: summary of build options:

  version:          1.4.4-20141103
  Host type:        x86_64-unknown-freebsd8.4
  Install prefix:   /usr/local
  Compiler:         gcc
  Compiler flags:   -g -O2
  Library types:    Shared=yes, Static=yes
  Crypto library:   OpenSSL (AES-CTR: no)
  Debug build:      no
  Build examples:   yes
  Path to sshd:     /usr/sbin/sshd (only for self-tests)
  zlib compression: yes


## ---------------- ##
## Cache variables. ##
## ---------------- ##

ac_cv_build=x86_64-unknown-freebsd8.4
ac_cv_c_bigendian=no
ac_cv_c_compiler_gnu=yes
ac_cv_c_const=yes
ac_cv_c_inline=inline
ac_cv_env_CC_set=''
ac_cv_env_CC_value=''
ac_cv_env_CFLAGS_set=''
ac_cv_env_CFLAGS_value=''
ac_cv_env_CPPFLAGS_set=''
ac_cv_env_CPPFLAGS_value=''
ac_cv_env_CPP_set=''
ac_cv_env_CPP_value=''
ac_cv_env_LDFLAGS_set=''
ac_cv_env_LDFLAGS_value=''
ac_cv_env_LIBS_set=''
ac_cv_env_LIBS_value=''
ac_cv_env_build_alias_set=''
ac_cv_env_build_alias_value=''
ac_cv_env_host_alias_set=''
ac_cv_env_host_alias_value=''
ac_cv_env_target_alias_set=''
ac_cv_env_target_alias_value=''
ac_cv_func_EVP_aes_128_ctr=no
ac_cv_func_alloca_works=yes
ac_cv_func_gettimeofday=yes
ac_cv_func_poll=yes
ac_cv_func_select=yes
ac_cv_func_strtoll=yes
ac_cv_header_arpa_inet_h=yes
ac_cv_header_dlfcn_h=yes
ac_cv_header_errno_h=yes
ac_cv_header_fcntl_h=yes
ac_cv_header_inttypes_h=yes
ac_cv_header_memory_h=yes
ac_cv_header_netinet_in_h=yes
ac_cv_header_stdc=yes
ac_cv_header_stdint_h=yes
ac_cv_header_stdio_h=yes
ac_cv_header_stdlib_h=yes
ac_cv_header_string_h=yes
ac_cv_header_strings_h=yes
ac_cv_header_sys_ioctl_h=yes
ac_cv_header_sys_select_h=yes
ac_cv_header_sys_socket_h=yes
ac_cv_header_sys_stat_h=yes
ac_cv_header_sys_time_h=yes
ac_cv_header_sys_types_h=yes
ac_cv_header_sys_uio_h=yes
ac_cv_header_sys_un_h=yes
ac_cv_header_unistd_h=yes
ac_cv_header_windows_h=no
ac_cv_header_winsock2_h=no
ac_cv_header_ws2tcpip_h=no
ac_cv_host=x86_64-unknown-freebsd8.4
ac_cv_libssl=yes
ac_cv_libz=yes
ac_cv_objext=o
ac_cv_path_EGREP='/usr/bin/grep -E'
ac_cv_path_FGREP='/usr/bin/grep -F'
ac_cv_path_GREP=/usr/bin/grep
ac_cv_path_SED=/usr/bin/sed
ac_cv_path_SSHD=/usr/sbin/sshd
ac_cv_path_install='/usr/bin/install -c'
ac_cv_prog_AWK=nawk
ac_cv_prog_CPP='gcc -E'
ac_cv_prog_ac_ct_AR=ar
ac_cv_prog_ac_ct_CC=gcc
ac_cv_prog_ac_ct_DLLTOOL=dlltool
ac_cv_prog_ac_ct_MANIFEST_TOOL=mt
ac_cv_prog_ac_ct_OBJDUMP=objdump
ac_cv_prog_ac_ct_RANLIB=ranlib
ac_cv_prog_ac_ct_STRIP=strip
ac_cv_prog_cc_c89=''
ac_cv_prog_cc_g=yes
ac_cv_prog_make_make_set=yes
ac_cv_search_inet_addr='none required'
ac_cv_search_socket='none required'
ac_cv_sys_file_offset_bits=no
ac_cv_sys_largefile_CC=no
ac_cv_type_long_long=yes
ac_cv_type_size_t=yes
ac_cv_working_alloca_h=no
acl_cv_hardcode_direct=no
acl_cv_hardcode_libdir_flag_spec='${wl}-rpath ${wl}$libdir'
acl_cv_hardcode_libdir_separator=''
acl_cv_hardcode_minus_L=no
acl_cv_libext=a
acl_cv_libname_spec='lib$name'
acl_cv_library_names_spec='$libname$shrext'
acl_cv_path_LD=/usr/bin/ld
acl_cv_prog_gnu_ld=yes
acl_cv_rpath=done
acl_cv_shlibext=so
acl_cv_wl=-Wl,
am_cv_CC_dependencies_compiler_type=gcc3
am_cv_make_support_nested_variables=yes
am_cv_prog_cc_c_o=yes
lt_cv_ar_at_file=@
lt_cv_archive_cmds_need_lc=no
lt_cv_deplibs_check_method=pass_all
lt_cv_file_magic_cmd='$MAGIC_CMD'
lt_cv_file_magic_test_file=''
lt_cv_ld_reload_flag=-r
lt_cv_nm_interface='BSD nm'
lt_cv_objdir=.libs
lt_cv_path_LD=/usr/bin/ld
lt_cv_path_NM='/usr/bin/nm -B'
lt_cv_path_mainfest_tool=no
lt_cv_prog_compiler_c_o=yes
lt_cv_prog_compiler_pic='-fPIC -DPIC'
lt_cv_prog_compiler_pic_works=yes
lt_cv_prog_compiler_rtti_exceptions=no
lt_cv_prog_compiler_static_works=yes
lt_cv_prog_gnu_ld=yes
lt_cv_sharedlib_from_linklib_cmd='printf %s\n'
lt_cv_sys_global_symbol_pipe='sed -n -e '\''s/^.*[	 ]\([ABCDGIRSTW][ABCDGIRSTW]*\)[	 ][	 ]*\([_A-Za-z][_A-Za-z0-9]*\)$/\1 \2 \2/p'\'' | sed '\''/ __gnu_lto/d'\'
lt_cv_sys_global_symbol_to_c_name_address='sed -n -e '\''s/^: \([^ ]*\)[ ]*$/  {\"\1\", (void *) 0},/p'\'' -e '\''s/^[ABCDGIRSTW]* \([^ ]*\) \([^ ]*\)$/  {"\2", (void *) \&\2},/p'\'
lt_cv_sys_global_symbol_to_c_name_address_lib_prefix='sed -n -e '\''s/^: \([^ ]*\)[ ]*$/  {\"\1\", (void *) 0},/p'\'' -e '\''s/^[ABCDGIRSTW]* \([^ ]*\) \(lib[^ ]*\)$/  {"\2", (void *) \&\2},/p'\'' -e '\''s/^[ABCDGIRSTW]* \([^ ]*\) \([^ ]*\)$/  {"lib\2", (void *) \&\2},/p'\'
lt_cv_sys_global_symbol_to_cdecl='sed -n -e '\''s/^T .* \(.*\)$/extern int \1();/p'\'' -e '\''s/^[ABCDGIRSTW]* .* \(.*\)$/extern char \1;/p'\'
lt_cv_sys_max_cmd_len=196608
lt_cv_to_host_file_cmd=func_convert_file_noop
lt_cv_to_tool_file_cmd=func_convert_file_noop

## ----------------- ##
## Output variables. ##
## ----------------- ##

ACLOCAL='aclocal-1.14'
ALLOCA=''
AMDEPBACKSLASH='\'
AMDEP_FALSE='#'
AMDEP_TRUE=''
AMTAR='$${TAR-tar}'
AM_BACKSLASH='\'
AM_DEFAULT_V='$(AM_DEFAULT_VERBOSITY)'
AM_DEFAULT_VERBOSITY='1'
AM_V='$(V)'
AR='ar'
AS='as'
AUTOCONF='autoconf'
AUTOHEADER='autoheader'
AUTOMAKE='automake-1.14'
AWK='nawk'
BUILD_EXAMPLES_FALSE='#'
BUILD_EXAMPLES_TRUE=''
CC='gcc'
CCDEPMODE='depmode=gcc3'
CFLAGS='-g -O2'
CPP='gcc -E'
CPPFLAGS=''
CYGPATH_W='echo'
DEFS='-DHAVE_CONFIG_H'
DEPDIR='.deps'
DLLTOOL='dlltool'
DSYMUTIL=''
DUMPBIN=''
ECHO_C=''
ECHO_N='-n'
ECHO_T=''
EGREP='/usr/bin/grep -E'
EXEEXT=''
FGREP='/usr/bin/grep -F'
GREP='/usr/bin/grep'
HAVE_LIBBCRYPT=''
HAVE_LIBCRYPT32=''
HAVE_LIBGCRYPT=''
HAVE_LIBSSL='yes'
HAVE_LIBZ='yes'
HAVE_SYS_UN_H_FALSE='#'
HAVE_SYS_UN_H_TRUE=''
INSTALL_DATA='${INSTALL} -m 644'
INSTALL_PROGRAM='${INSTALL}'
INSTALL_SCRIPT='${INSTALL}'
INSTALL_STRIP_PROGRAM='$(install_sh) -c -s'
LD='/usr/bin/ld'
LDFLAGS=''
LIBBCRYPT=''
LIBBCRYPT_PREFIX=''
LIBCRYPT32=''
LIBCRYPT32_PREFIX=''
LIBGCRYPT=''
LIBGCRYPT_FALSE=''
LIBGCRYPT_PREFIX=''
LIBGCRYPT_TRUE='#'
LIBOBJS=''
LIBS=''
LIBSREQUIRED='libssl,libcrypto,zlib'
LIBSSH2VER='1.4.4-20141103'
LIBSSL='-lssl -lcrypto'
LIBSSL_PREFIX=''
LIBTOOL='$(SHELL) $(top_builddir)/libtool'
LIBZ='-lz'
LIBZ_PREFIX=''
LIPO=''
LN_S='ln -s'
LTLIBBCRYPT=''
LTLIBCRYPT32=''
LTLIBGCRYPT=''
LTLIBOBJS=''
LTLIBSSL='-lssl -lcrypto'
LTLIBZ='-lz'
MAINT='#'
MAINTAINER_MODE_FALSE=''
MAINTAINER_MODE_TRUE='#'
MAKEINFO='makeinfo'
MANIFEST_TOOL=':'
MKDIR_P='./install-sh -c -d'
NM='/usr/bin/nm -B'
NMEDIT=''
OBJDUMP='objdump'
OBJEXT='o'
OPENSSL_FALSE='#'
OPENSSL_TRUE=''
OTOOL64=''
OTOOL=''
PACKAGE='libssh2'
PACKAGE_BUGREPORT='libssh2-devel@cool.haxx.se'
PACKAGE_NAME='libssh2'
PACKAGE_STRING='libssh2 -'
PACKAGE_TARNAME='libssh2'
PACKAGE_URL=''
PACKAGE_VERSION='-'
PATH_SEPARATOR=':'
RANLIB='ranlib'
SED='/usr/bin/sed'
SET_MAKE=''
SHELL='/bin/sh'
SSHD='/usr/sbin/sshd'
SSHD_FALSE='#'
SSHD_TRUE=''
STRIP='strip'
VERSION='-'
WINCNG_FALSE=''
WINCNG_TRUE='#'
ac_ct_AR='ar'
ac_ct_CC='gcc'
ac_ct_DUMPBIN=''
am__EXEEXT_FALSE=''
am__EXEEXT_TRUE='#'
am__fastdepCC_FALSE='#'
am__fastdepCC_TRUE=''
am__include='include'
am__isrc=''
am__leading_dot='.'
am__nodep='_no'
am__quote=''
am__tar='$${TAR-tar} chof - "$$tardir"'
am__untar='$${TAR-tar} xf -'
bindir='${exec_prefix}/bin'
build='x86_64-unknown-freebsd8.4'
build_alias=''
build_cpu='x86_64'
build_os='freebsd8.4'
build_vendor='unknown'
datadir='${datarootdir}'
datarootdir='${prefix}/share'
docdir='${datarootdir}/doc/${PACKAGE_TARNAME}'
dvidir='${docdir}'
exec_prefix='${prefix}'
host='x86_64-unknown-freebsd8.4'
host_alias=''
host_cpu='x86_64'
host_os='freebsd8.4'
host_vendor='unknown'
htmldir='${docdir}'
includedir='${prefix}/include'
infodir='${datarootdir}/info'
install_sh='${SHELL} /data/projects/scanner/libssh2/install-sh'
libdir='${exec_prefix}/lib'
libexecdir='${exec_prefix}/libexec'
localedir='${datarootdir}/locale'
localstatedir='${prefix}/var'
mandir='${datarootdir}/man'
mkdir_p='$(MKDIR_P)'
oldincludedir='/usr/include'
pdfdir='${docdir}'
prefix='/usr/local'
program_transform_name='s,x,x,'
psdir='${docdir}'
sbindir='${exec_prefix}/sbin'
sharedstatedir='${prefix}/com'
sysconfdir='${prefix}/etc'
target_alias=''

## ----------- ##
## confdefs.h. ##
## ----------- ##

/* confdefs.h */
#define PACKAGE_NAME "libssh2"
#define PACKAGE_TARNAME "libssh2"
#define PACKAGE_VERSION "-"
#define PACKAGE_STRING "libssh2 -"
#define PACKAGE_BUGREPORT "libssh2-devel@cool.haxx.se"
#define PACKAGE_URL ""
#define PACKAGE "libssh2"
#define VERSION "-"
#define STDC_HEADERS 1
#define HAVE_SYS_TYPES_H 1
#define HAVE_SYS_STAT_H 1
#define HAVE_STDLIB_H 1
#define HAVE_STRING_H 1
#define HAVE_MEMORY_H 1
#define HAVE_STRINGS_H 1
#define HAVE_INTTYPES_H 1
#define HAVE_STDINT_H 1
#define HAVE_UNISTD_H 1
#define HAVE_LONGLONG 1
#define HAVE_DLFCN_H 1
#define LT_OBJDIR ".libs/"
#define HAVE_LIBSSL 1
#define LIBSSH2_OPENSSL 1
#define HAVE_LIBZ 1
#define LIBSSH2_HAVE_ZLIB 1
#define LIBSSH2_DH_GEX_NEW 1
#define HAVE_ERRNO_H 1
#define HAVE_FCNTL_H 1
#define HAVE_STDIO_H 1
#define HAVE_STDLIB_H 1
#define HAVE_UNISTD_H 1
#define HAVE_SYS_UIO_H 1
#define HAVE_SYS_SELECT_H 1
#define HAVE_SYS_SOCKET_H 1
#define HAVE_SYS_IOCTL_H 1
#define HAVE_SYS_TIME_H 1
#define HAVE_ARPA_INET_H 1
#define HAVE_NETINET_IN_H 1
#define HAVE_SYS_UN_H 1
#define HAVE_POLL 1
#define HAVE_GETTIMEOFDAY 1
#define HAVE_SELECT 1
#define HAVE_STRTOLL 1
#define HAVE_ALLOCA 1
#define HAVE_O_NONBLOCK 1

configure: exit 0
